# JRE version: Java(TM) SE Runtime Environment (8.0_231-b11) (build 1.8.0_231-b11)
# Java VM: Java HotSpot(TM) 64-Bit Server VM (25.231-b11 mixed mode windows-amd64 compressed oops)
Heap:
 PSYoungGen      total 67072K, used 52679K [0x0000000775580000, 0x000000077d880000, 0x00000007c0000000)
  eden space 57856K, 91% used [0x0000000775580000,0x00000007788f1f10,0x0000000778e00000)
  from space 9216K, 0% used [0x0000000778e00000,0x0000000778e00000,0x0000000779700000)
  to   space 9216K, 0% used [0x000000077cf80000,0x000000077cf80000,0x000000077d880000)
 ParOldGen       total 70144K, used 6252K [0x00000006e0000000, 0x00000006e4480000, 0x0000000775580000)
  object space 70144K, 8% used [0x00000006e0000000,0x00000006e061b1e8,0x00000006e4480000)
 Metaspace       used 24641K, capacity 25620K, committed 25728K, reserved 1071104K
  class space    used 3407K, capacity 3658K, committed 3712K, reserved 1048576K
GC Heap History (8 events):
Event: 6.058 GC heap before
{Heap before GC invocations=1 (full 0):
 PSYoungGen      total 67072K, used 57856K [0x0000000775580000, 0x000000077a000000, 0x00000007c0000000)
  eden space 57856K, 100% used [0x0000000775580000,0x0000000778e00000,0x0000000778e00000)
  from space 9216K, 0% used [0x0000000779700000,0x0000000779700000,0x000000077a000000)
  to   space 9216K, 0% used [0x0000000778e00000,0x0000000778e00000,0x0000000779700000)
 ParOldGen       total 153088K, used 0K [0x00000006e0000000, 0x00000006e9580000, 0x0000000775580000)
  object space 153088K, 0% used [0x00000006e0000000,0x00000006e0000000,0x00000006e9580000)
 Metaspace       used 11953K, capacity 12072K, committed 12160K, reserved 1060864K
  class space    used 1613K, capacity 1654K, committed 1664K, reserved 1048576K
Event: 6.066 GC heap after
Heap after GC invocations=1 (full 0):
 PSYoungGen      total 67072K, used 7310K [0x0000000775580000, 0x000000077a000000, 0x00000007c0000000)
  eden space 57856K, 0% used [0x0000000775580000,0x0000000775580000,0x0000000778e00000)
  from space 9216K, 79% used [0x0000000778e00000,0x0000000779523bb0,0x0000000779700000)
  to   space 9216K, 0% used [0x0000000779700000,0x0000000779700000,0x000000077a000000)
 ParOldGen       total 153088K, used 80K [0x00000006e0000000, 0x00000006e9580000, 0x0000000775580000)
  object space 153088K, 0% used [0x00000006e0000000,0x00000006e0014010,0x00000006e9580000)
 Metaspace       used 11953K, capacity 12072K, committed 12160K, reserved 1060864K
  class space    used 1613K, capacity 1654K, committed 1664K, reserved 1048576K
}
Event: 8.381 GC heap before
{Heap before GC invocations=2 (full 0):
 PSYoungGen      total 67072K, used 65166K [0x0000000775580000, 0x000000077a000000, 0x00000007c0000000)
  eden space 57856K, 100% used [0x0000000775580000,0x0000000778e00000,0x0000000778e00000)
  from space 9216K, 79% used [0x0000000778e00000,0x0000000779523bb0,0x0000000779700000)
  to   space 9216K, 0% used [0x0000000779700000,0x0000000779700000,0x000000077a000000)
 ParOldGen       total 153088K, used 80K [0x00000006e0000000, 0x00000006e9580000, 0x0000000775580000)
  object space 153088K, 0% used [0x00000006e0000000,0x00000006e0014010,0x00000006e9580000)
 Metaspace       used 19956K, capacity 20728K, committed 20864K, reserved 1067008K
  class space    used 2721K, capacity 2904K, committed 2944K, reserved 1048576K
Event: 8.392 GC heap after
Heap after GC invocations=2 (full 0):
 PSYoungGen      total 67072K, used 9191K [0x0000000775580000, 0x000000077a000000, 0x00000007c0000000)
  eden space 57856K, 0% used [0x0000000775580000,0x0000000775580000,0x0000000778e00000)
  from space 9216K, 99% used [0x0000000779700000,0x0000000779ff9da0,0x000000077a000000)
  to   space 9216K, 0% used [0x0000000778e00000,0x0000000778e00000,0x0000000779700000)
 ParOldGen       total 153088K, used 283K [0x00000006e0000000, 0x00000006e9580000, 0x0000000775580000)
  object space 153088K, 0% used [0x00000006e0000000,0x00000006e0046ea0,0x00000006e9580000)
 Metaspace       used 19956K, capacity 20728K, committed 20864K, reserved 1067008K
  class space    used 2721K, capacity 2904K, committed 2944K, reserved 1048576K
}
Event: 8.437 GC heap before
{Heap before GC invocations=3 (full 0):
 PSYoungGen      total 67072K, used 13168K [0x0000000775580000, 0x000000077a000000, 0x00000007c0000000)
  eden space 57856K, 6% used [0x0000000775580000,0x0000000775962360,0x0000000778e00000)
  from space 9216K, 99% used [0x0000000779700000,0x0000000779ff9da0,0x000000077a000000)
  to   space 9216K, 0% used [0x0000000778e00000,0x0000000778e00000,0x0000000779700000)
 ParOldGen       total 153088K, used 283K [0x00000006e0000000, 0x00000006e9580000, 0x0000000775580000)
  object space 153088K, 0% used [0x00000006e0000000,0x00000006e0046ea0,0x00000006e9580000)
 Metaspace       used 20407K, capacity 21112K, committed 21248K, reserved 1067008K
  class space    used 2787K, capacity 2968K, committed 3072K, reserved 1048576K
Event: 8.444 GC heap after
Heap after GC invocations=3 (full 0):
 PSYoungGen      total 67072K, used 6297K [0x0000000775580000, 0x000000077d880000, 0x00000007c0000000)
  eden space 57856K, 0% used [0x0000000775580000,0x0000000775580000,0x0000000778e00000)
  from space 9216K, 68% used [0x0000000778e00000,0x00000007794264a0,0x0000000779700000)
  to   space 9216K, 0% used [0x000000077cf80000,0x000000077cf80000,0x000000077d880000)
 ParOldGen       total 153088K, used 291K [0x00000006e0000000, 0x00000006e9580000, 0x0000000775580000)
  object space 153088K, 0% used [0x00000006e0000000,0x00000006e0048ea0,0x00000006e9580000)
 Metaspace       used 20407K, capacity 21112K, committed 21248K, reserved 1067008K
  class space    used 2787K, capacity 2968K, committed 3072K, reserved 1048576K
}
Event: 8.444 GC heap before
{Heap before GC invocations=4 (full 1):
 PSYoungGen      total 67072K, used 6297K [0x0000000775580000, 0x000000077d880000, 0x00000007c0000000)
  eden space 57856K, 0% used [0x0000000775580000,0x0000000775580000,0x0000000778e00000)
  from space 9216K, 68% used [0x0000000778e00000,0x00000007794264a0,0x0000000779700000)
  to   space 9216K, 0% used [0x000000077cf80000,0x000000077cf80000,0x000000077d880000)
 ParOldGen       total 153088K, used 291K [0x00000006e0000000, 0x00000006e9580000, 0x0000000775580000)
  object space 153088K, 0% used [0x00000006e0000000,0x00000006e0048ea0,0x00000006e9580000)
 Metaspace       used 20407K, capacity 21112K, committed 21248K, reserved 1067008K
  class space    used 2787K, capacity 2968K, committed 3072K, reserved 1048576K
Event: 8.483 GC heap after
Heap after GC invocations=4 (full 1):
 PSYoungGen      total 67072K, used 0K [0x0000000775580000, 0x000000077d880000, 0x00000007c0000000)
  eden space 57856K, 0% used [0x0000000775580000,0x0000000775580000,0x0000000778e00000)
  from space 9216K, 0% used [0x0000000778e00000,0x0000000778e00000,0x0000000779700000)
  to   space 9216K, 0% used [0x000000077cf80000,0x000000077cf80000,0x000000077d880000)
 ParOldGen       total 70144K, used 6252K [0x00000006e0000000, 0x00000006e4480000, 0x0000000775580000)
  object space 70144K, 8% used [0x00000006e0000000,0x00000006e061b1e8,0x00000006e4480000)
 Metaspace       used 20407K, capacity 21112K, committed 21248K, reserved 1067008K
  class space    used 2787K, capacity 2968K, committed 3072K, reserved 1048576K
}

